[debug] [2025-11-05T21:36:28.285Z] ----------------------------------------------------------------------
[debug] [2025-11-05T21:36:28.286Z] Command:       /opt/homebrew/Cellar/node/25.1.0_1/bin/node /opt/homebrew/bin/firebase init hosting
[debug] [2025-11-05T21:36:28.286Z] CLI Version:   14.23.0
[debug] [2025-11-05T21:36:28.286Z] Platform:      darwin
[debug] [2025-11-05T21:36:28.286Z] Node Version:  v25.1.0
[debug] [2025-11-05T21:36:28.286Z] Time:          Wed Nov 05 2025 14:36:28 GMT-0700 (Mountain Standard Time)
[debug] [2025-11-05T21:36:28.286Z] ----------------------------------------------------------------------
[debug] 
[info] 
     ######## #### ########  ######## ########     ###     ######  ########
     ##        ##  ##     ## ##       ##     ##  ##   ##  ##       ##
     ######    ##  ########  ######   ########  #########  ######  ######
     ##        ##  ##    ##  ##       ##     ## ##     ##       ## ##
     ##       #### ##     ## ######## ########  ##     ##  ######  ########

You're about to initialize a Firebase project in this directory:

  /Users/daniela/dev/transfer-assistant

[info] 
=== Project Setup
[info] 
[info] First, let's associate this project directory with a Firebase project.
[info] You can create multiple project aliases by running firebase use --add, 
[info] 
[debug] [2025-11-05T21:59:46.313Z] ExitPromptError: User force closed the prompt with SIGINT
    at Interface.sigint (/opt/homebrew/lib/node_modules/firebase-tools/node_modules/@inquirer/core/dist/commonjs/lib/create-prompt.js:101:37)
    at Interface.emit (node:events:508:28)
    at Interface.emit (node:domain:489:12)
    at [_ttyWrite] [as _ttyWrite] (node:internal/readline/interface:1317:18)
    at ReadStream.onkeypress (node:internal/readline/interface:284:20)
    at ReadStream.emit (node:events:520:35)
    at ReadStream.emit (node:domain:489:12)
    at emitKeys (node:internal/readline/utils:371:14)
    at emitKeys.next (<anonymous>)
    at ReadStream.onData (node:internal/readline/emitKeypressEvents:64:36)
[error] 
[error] Error: An unexpected error has occurred.
